{"/home/gustavoneves/Projetos/teste-automatizado-tutorial/components/Button.js": {"path":"/home/gustavoneves/Projetos/teste-automatizado-tutorial/components/Button.js","statementMap":{"0":{"start":{"line":4,"column":15},"end":{"line":8,"column":1}},"1":{"start":{"line":5,"column":2},"end":{"line":7,"column":11}},"2":{"start":{"line":10,"column":0},"end":{"line":14,"column":1}}},"fnMap":{"0":{"name":"(anonymous_0)","decl":{"start":{"line":4,"column":15},"end":{"line":4,"column":16}},"loc":{"start":{"line":5,"column":2},"end":{"line":7,"column":11}},"line":5}},"branchMap":{"0":{"loc":{"start":{"line":5,"column":19},"end":{"line":5,"column":57}},"type":"cond-expr","locations":[{"start":{"line":5,"column":37},"end":{"line":5,"column":50}},{"start":{"line":5,"column":53},"end":{"line":5,"column":57}}],"line":5}},"s":{"0":1,"1":3,"2":1},"f":{"0":3},"b":{"0":[2,1]},"_coverageSchema":"1a1c01bbd47fc00a2c39e90264f33305004495a9","hash":"6b9346d5a1b20b8a2639d48fe9fb640fd9bdbc8c"}
}
